<?xml version="1.0" encoding="UTF-8"?>
<!-- Generated by org.testng.reporters.JUnitXMLReporter -->
<testsuite ignored="0" hostname="LAPTOP-9D1NATOR" failures="0" tests="5" name="Test" time="17.866" errors="0" timestamp="2023-06-04T18:01:07 IST">
  <testcase classname="Tests_Pack.ThreeTest" name="testThree" time="0.0"/>
  <testcase classname="Tests_Pack.LoginTest" name="Login" time="3.831"/>
  <testcase classname="Tests_Pack.LoginTest" name="Login" time="8.603"/>
  <testcase classname="Tests_Pack.OneTest" name="testOne" time="0.0"/>
  <testcase classname="Tests_Pack.TwoTest" name="testTwo" time="0.0"/>
</testsuite> <!-- Test -->
